生成启动时间为 2012/11/23 3:24:19。
     1>项目“C:\Users\lihao98722\Documents\Visual Studio 2010\Projects\CrazyEditer\CrazyEditer\CrazyEditer.vcxproj”在节点 2 上(build 个目标)。
     1>PrepareForBuild:
         正在创建目录“C:\Users\lihao98722\Documents\Visual Studio 2010\Projects\CrazyEditer\Debug\”。
       InitializeBuildStatus:
         正在创建“Debug\CrazyEditer.unsuccessfulbuild”，因为已指定“AlwaysCreate”。
       ClCompile:
         C:\Program Files\Microsoft Visual Studio 10.0\VC\bin\CL.exe /c /ZI /nologo /W3 /WX- /Od /Oy- /D WIN32 /D _WINDOWS /D _DEBUG /D _MBCS /D _AFXDLL /Gm /EHsc /RTC1 /MDd /GS /fp:precise /Zc:wchar_t /Zc:forScope /Yc"StdAfx.h" /Fp"Debug\CrazyEditer.pch" /Fo"Debug\\" /Fd"Debug\vc100.pdb" /Gd /TP /analyze- /errorReport:prompt stdafx.cpp
         stdafx.cpp
         C:\Program Files\Microsoft Visual Studio 10.0\VC\bin\CL.exe /c /ZI /nologo /W3 /WX- /Od /Oy- /D WIN32 /D _WINDOWS /D _DEBUG /D _MBCS /D _AFXDLL /Gm /EHsc /RTC1 /MDd /GS /fp:precise /Zc:wchar_t /Zc:forScope /Yu"StdAfx.h" /Fp"Debug\CrazyEditer.pch" /Fo"Debug\\" /Fd"Debug\vc100.pdb" /Gd /TP /analyze- /errorReport:prompt CodeDlg.cpp CountAllDlg.cpp CountString.cpp CrazyEditer.cpp CrazyEditerDlg.cpp DecodeDlg.cpp HelpDlg.cpp MyRichEditCtrl.cpp Welcome.cpp
         Welcome.cpp
         MyRichEditCtrl.cpp
         HelpDlg.cpp
         DecodeDlg.cpp
         CrazyEditerDlg.cpp
     1>c:\users\lihao98722\documents\visual studio 2010\projects\crazyediter\crazyediter\crazyediterdlg.cpp(662): warning C4390: “;”: 找到空的受控语句；这是否是有意的?
     1>c:\users\lihao98722\documents\visual studio 2010\projects\crazyediter\crazyediter\crazyediterdlg.cpp(1082): warning C4996: 'strcat': This function or variable may be unsafe. Consider using strcat_s instead. To disable deprecation, use _CRT_SECURE_NO_WARNINGS. See online help for details.
                 c:\program files\microsoft visual studio 10.0\vc\include\string.h(110) : 参见“strcat”的声明
         CrazyEditer.cpp
         CountString.cpp
         CountAllDlg.cpp
         CodeDlg.cpp
         正在生成代码...
       ResourceCompile:
         C:\Program Files\Microsoft SDKs\Windows\v7.0A\bin\rc.exe /D _DEBUG /D _AFXDLL /l"0x0804" /IDebug\ /nologo /fo"Debug\CrazyEditer.res" CrazyEditer.rc 
       ManifestResourceCompile:
         C:\Program Files\Microsoft SDKs\Windows\v7.0A\bin\rc.exe /nologo /fo"Debug\CrazyEditer.exe.embed.manifest.res" Debug\CrazyEditer_manifest.rc 
       Link:
         C:\Program Files\Microsoft Visual Studio 10.0\VC\bin\link.exe /ERRORREPORT:PROMPT /OUT:"C:\Users\lihao98722\Documents\Visual Studio 2010\Projects\CrazyEditer\Debug\CrazyEditer.exe" /INCREMENTAL /NOLOGO /MANIFEST /ManifestFile:"Debug\CrazyEditer.exe.intermediate.manifest" /MANIFESTUAC:"level='asInvoker' uiAccess='false'" /DEBUG /PDB:"C:\Users\lihao98722\Documents\Visual Studio 2010\Projects\CrazyEditer\Debug\CrazyEditer.pdb" /SUBSYSTEM:WINDOWS /TLBID:1 /DYNAMICBASE /NXCOMPAT /IMPLIB:"C:\Users\lihao98722\Documents\Visual Studio 2010\Projects\CrazyEditer\Debug\CrazyEditer.lib" /MACHINE:X86 Debug\CrazyEditer.res
         Debug\CrazyEditer.exe.embed.manifest.res
         Debug\CodeDlg.obj
         Debug\CountAllDlg.obj
         Debug\CountString.obj
         Debug\CrazyEditer.obj
         Debug\CrazyEditerDlg.obj
         Debug\DecodeDlg.obj
         Debug\HelpDlg.obj
         Debug\MyRichEditCtrl.obj
         Debug\stdafx.obj
         Debug\Welcome.obj
       Manifest:
         C:\Program Files\Microsoft SDKs\Windows\v7.0A\bin\mt.exe /nologo /verbose /out:"Debug\CrazyEditer.exe.embed.manifest" /manifest Debug\CrazyEditer.exe.intermediate.manifest "C:\Program Files\Microsoft Visual Studio 10.0\VC\Include\Manifest\dpiaware.manifest"
         C:\Program Files\Microsoft SDKs\Windows\v7.0A\bin\rc.exe /nologo /fo"Debug\CrazyEditer.exe.embed.manifest.res" Debug\CrazyEditer_manifest.rc 
       LinkEmbedManifest:
         C:\Program Files\Microsoft Visual Studio 10.0\VC\bin\link.exe /ERRORREPORT:PROMPT /OUT:"C:\Users\lihao98722\Documents\Visual Studio 2010\Projects\CrazyEditer\Debug\CrazyEditer.exe" /INCREMENTAL /NOLOGO /MANIFEST /ManifestFile:"Debug\CrazyEditer.exe.intermediate.manifest" /MANIFESTUAC:"level='asInvoker' uiAccess='false'" /DEBUG /PDB:"C:\Users\lihao98722\Documents\Visual Studio 2010\Projects\CrazyEditer\Debug\CrazyEditer.pdb" /SUBSYSTEM:WINDOWS /TLBID:1 /DYNAMICBASE /NXCOMPAT /IMPLIB:"C:\Users\lihao98722\Documents\Visual Studio 2010\Projects\CrazyEditer\Debug\CrazyEditer.lib" /MACHINE:X86 Debug\CrazyEditer.res
         Debug\CrazyEditer.exe.embed.manifest.res
         Debug\CodeDlg.obj
         Debug\CountAllDlg.obj
         Debug\CountString.obj
         Debug\CrazyEditer.obj
         Debug\CrazyEditerDlg.obj
         Debug\DecodeDlg.obj
         Debug\HelpDlg.obj
         Debug\MyRichEditCtrl.obj
         Debug\stdafx.obj
         Debug\Welcome.obj
         CrazyEditer.vcxproj -> C:\Users\lihao98722\Documents\Visual Studio 2010\Projects\CrazyEditer\Debug\CrazyEditer.exe
       FinalizeBuildStatus:
         正在删除文件“Debug\CrazyEditer.unsuccessfulbuild”。
         正在对“Debug\CrazyEditer.lastbuildstate”执行 Touch 任务。
     1>已完成生成项目“C:\Users\lihao98722\Documents\Visual Studio 2010\Projects\CrazyEditer\CrazyEditer\CrazyEditer.vcxproj”(build 个目标)的操作。

生成成功。

已用时间 00:00:08.06
